Using pre-set license
Built from '2022.3/staging' branch; Version is '2022.3.19f1 (244b723c30a6) revision 2378610'; Using compiler version '192829333'; Build Type 'Release'
OS: 'Windows 10  (10.0.19045) 64bit Professional' Language: 'ru' Physical Memory: 16332 MB
BatchMode: 1, IsHumanControllingUs: 0, StartBugReporterOnCrash: 0, Is64bit: 1, IsPro: 1

COMMAND LINE ARGUMENTS:
C:\Program Files\Unity\Hub\Editor\2022.3.19f1\Editor\Unity.exe
-adb2
-batchMode
-noUpm
-name
AssetImportWorker0
-projectPath
E:/fails/iT/Isxodnik/Git/ParkurObbi/ParkurObbi
-logFile
Logs/AssetImportWorker0.log
-srvPort
53130
Successfully changed project path to: E:/fails/iT/Isxodnik/Git/ParkurObbi/ParkurObbi
E:/fails/iT/Isxodnik/Git/ParkurObbi/ParkurObbi
[UnityMemory] Configuration Parameters - Can be set up in boot.config
    "memorysetup-bucket-allocator-granularity=16"
    "memorysetup-bucket-allocator-bucket-count=8"
    "memorysetup-bucket-allocator-block-size=33554432"
    "memorysetup-bucket-allocator-block-count=8"
    "memorysetup-main-allocator-block-size=16777216"
    "memorysetup-thread-allocator-block-size=16777216"
    "memorysetup-gfx-main-allocator-block-size=16777216"
    "memorysetup-gfx-thread-allocator-block-size=16777216"
    "memorysetup-cache-allocator-block-size=4194304"
    "memorysetup-typetree-allocator-block-size=2097152"
    "memorysetup-profiler-bucket-allocator-granularity=16"
    "memorysetup-profiler-bucket-allocator-bucket-count=8"
    "memorysetup-profiler-bucket-allocator-block-size=33554432"
    "memorysetup-profiler-bucket-allocator-block-count=8"
    "memorysetup-profiler-allocator-block-size=16777216"
    "memorysetup-profiler-editor-allocator-block-size=1048576"
    "memorysetup-temp-allocator-size-main=16777216"
    "memorysetup-job-temp-allocator-block-size=2097152"
    "memorysetup-job-temp-allocator-block-size-background=1048576"
    "memorysetup-job-temp-allocator-reduction-small-platforms=262144"
    "memorysetup-allocator-temp-initial-block-size-main=262144"
    "memorysetup-allocator-temp-initial-block-size-worker=262144"
    "memorysetup-temp-allocator-size-background-worker=32768"
    "memorysetup-temp-allocator-size-job-worker=262144"
    "memorysetup-temp-allocator-size-preload-manager=33554432"
    "memorysetup-temp-allocator-size-nav-mesh-worker=65536"
    "memorysetup-temp-allocator-size-audio-worker=65536"
    "memorysetup-temp-allocator-size-cloud-worker=32768"
    "memorysetup-temp-allocator-size-gi-baking-worker=262144"
    "memorysetup-temp-allocator-size-gfx=262144"
Player connection [8364] Host "[IP] 192.168.0.12 [Port] 0 [Flags] 2 [Guid] 180681037 [EditorId] 180681037 [Version] 1048832 [Id] WindowsEditor(7,DESKTOP-18HMH15) [Debug] 1 [PackageName] WindowsEditor [ProjectName] Editor" joined multi-casting on [225.0.0.222:54997]...

Player connection [8364] Host "[IP] 192.168.0.12 [Port] 0 [Flags] 2 [Guid] 180681037 [EditorId] 180681037 [Version] 1048832 [Id] WindowsEditor(7,DESKTOP-18HMH15) [Debug] 1 [PackageName] WindowsEditor [ProjectName] Editor" joined alternative multi-casting on [225.0.0.222:34997]...

[Physics::Module] Initialized MultithreadedJobDispatcher with 3 workers.
Refreshing native plugins compatible for Editor in 14.56 ms, found 6 plugins.
Preloading 0 native plugins for Editor in 0.00 ms.
Initialize engine version: 2022.3.19f1 (244b723c30a6)
[Subsystems] Discovering subsystems at path C:/Program Files/Unity/Hub/Editor/2022.3.19f1/Editor/Data/Resources/UnitySubsystems
[Subsystems] Discovering subsystems at path E:/fails/iT/Isxodnik/Git/ParkurObbi/ParkurObbi/Assets
GfxDevice: creating device client; threaded=0; jobified=0
Direct3D:
    Version:  Direct3D 11.0 [level 11.1]
    Renderer: NVIDIA GeForce GTX 1660 (ID=0x2184)
    Vendor:   NVIDIA
    VRAM:     5981 MB
    Driver:   31.0.15.4601
Initialize mono
Mono path[0] = 'C:/Program Files/Unity/Hub/Editor/2022.3.19f1/Editor/Data/Managed'
Mono path[1] = 'C:/Program Files/Unity/Hub/Editor/2022.3.19f1/Editor/Data/MonoBleedingEdge/lib/mono/unityjit-win32'
Mono config path = 'C:/Program Files/Unity/Hub/Editor/2022.3.19f1/Editor/Data/MonoBleedingEdge/etc'
Using monoOptions --debugger-agent=transport=dt_socket,embedding=1,server=y,suspend=n,address=127.0.0.1:56292
Begin MonoManager ReloadAssembly
Registering precompiled unity dll's ...
Register platform support module: C:/Program Files/Unity/Hub/Editor/2022.3.19f1/Editor/Data/PlaybackEngines/WebGLSupport/UnityEditor.WebGL.Extensions.dll
Register platform support module: C:/Program Files/Unity/Hub/Editor/2022.3.19f1/Editor/Data/PlaybackEngines/AndroidPlayer/UnityEditor.Android.Extensions.dll
Register platform support module: C:/Program Files/Unity/Hub/Editor/2022.3.19f1/Editor/Data/PlaybackEngines/WindowsStandaloneSupport/UnityEditor.WindowsStandalone.Extensions.dll
Registered in 0.027438 seconds.
- Loaded All Assemblies, in  0.627 seconds
Native extension for WindowsStandalone target not found
Native extension for Android target not found
Android Extension - Scanning For ADB Devices 422 ms
Native extension for WebGL target not found
Mono: successfully reloaded assembly
- Finished resetting the current domain, in  1.019 seconds
Domain Reload Profiling: 1643ms
	BeginReloadAssembly (189ms)
		ExecutionOrderSort (0ms)
		DisableScriptedObjects (0ms)
		BackupInstance (0ms)
		ReleaseScriptingObjects (0ms)
		CreateAndSetChildDomain (1ms)
	RebuildCommonClasses (55ms)
	RebuildNativeTypeToScriptingClass (18ms)
	initialDomainReloadingComplete (111ms)
	LoadAllAssembliesAndSetupDomain (250ms)
		LoadAssemblies (186ms)
		RebuildTransferFunctionScriptingTraits (0ms)
		AnalyzeDomain (246ms)
			TypeCache.Refresh (244ms)
				TypeCache.ScanAssembly (224ms)
			ScanForSourceGeneratedMonoScriptInfo (0ms)
			ResolveRequiredComponents (1ms)
	FinalizeReload (1020ms)
		ReleaseScriptCaches (0ms)
		RebuildScriptCaches (0ms)
		SetupLoadedEditorAssemblies (916ms)
			LogAssemblyErrors (0ms)
			InitializePlatformSupportModulesInManaged (594ms)
			SetLoadedEditorAssemblies (7ms)
			RefreshPlugins (0ms)
			BeforeProcessingInitializeOnLoad (2ms)
			ProcessInitializeOnLoadAttributes (213ms)
			ProcessInitializeOnLoadMethodAttributes (99ms)
			AfterProcessingInitializeOnLoad (0ms)
			EditorAssembliesLoaded (0ms)
		ExecutionOrderSort2 (0ms)
		AwakeInstancesAfterBackupRestoration (0ms)
========================================================================
Worker process is ready to serve import requests
Begin MonoManager ReloadAssembly
Symbol file LoadedFromMemory is not a mono symbol file
- Loaded All Assemblies, in  1.012 seconds
Refreshing native plugins compatible for Editor in 6.52 ms, found 6 plugins.
Native extension for WindowsStandalone target not found
Native extension for Android target not found
Native extension for WebGL target not found
Package Manager log level set to [2]
[Package Manager] Server::EnsureServerProcessIsRunning -- launch failed, reason: Unity was launched with the -noUpm command-line argument
[Package Manager] UpmClient::Send -- Unable to send message (not connected to UPM process).
[Package Manager] Cannot connect to Unity Package Manager local server
Mono: successfully reloaded assembly
- Finished resetting the current domain, in  1.247 seconds
Domain Reload Profiling: 2254ms
	BeginReloadAssembly (242ms)
		ExecutionOrderSort (0ms)
		DisableScriptedObjects (9ms)
		BackupInstance (0ms)
		ReleaseScriptingObjects (0ms)
		CreateAndSetChildDomain (30ms)
	RebuildCommonClasses (76ms)
	RebuildNativeTypeToScriptingClass (16ms)
	initialDomainReloadingComplete (68ms)
	LoadAllAssembliesAndSetupDomain (604ms)
		LoadAssemblies (439ms)
		RebuildTransferFunctionScriptingTraits (0ms)
		AnalyzeDomain (317ms)
			TypeCache.Refresh (281ms)
				TypeCache.ScanAssembly (254ms)
			ScanForSourceGeneratedMonoScriptInfo (25ms)
			ResolveRequiredComponents (10ms)
	FinalizeReload (1247ms)
		ReleaseScriptCaches (0ms)
		RebuildScriptCaches (0ms)
		SetupLoadedEditorAssemblies (1005ms)
			LogAssemblyErrors (0ms)
			InitializePlatformSupportModulesInManaged (45ms)
			SetLoadedEditorAssemblies (5ms)
			RefreshPlugins (0ms)
			BeforeProcessingInitializeOnLoad (92ms)
			ProcessInitializeOnLoadAttributes (749ms)
			ProcessInitializeOnLoadMethodAttributes (83ms)
			AfterProcessingInitializeOnLoad (31ms)
			EditorAssembliesLoaded (0ms)
		ExecutionOrderSort2 (0ms)
		AwakeInstancesAfterBackupRestoration (7ms)
Launched and connected shader compiler UnityShaderCompiler.exe after 0.04 seconds
Refreshing native plugins compatible for Editor in 4.45 ms, found 6 plugins.
Preloading 0 native plugins for Editor in 0.00 ms.
Unloading 3581 Unused Serialized files (Serialized files now loaded: 0)
Unloading 63 unused Assets / (149.1 KB). Loaded Objects now: 4046.
Memory consumption went from 154.8 MB to 154.6 MB.
Total: 3.465600 ms (FindLiveObjects: 0.257100 ms CreateObjectMapping: 0.277100 ms MarkObjects: 2.780400 ms  DeleteObjects: 0.150000 ms)

AssetImportParameters requested are different than current active one (requested -> active):
  custom:container-demuxer-ogg: 62fdf1f143b41e24485cea50d1cbac27 -> 
  custom:video-decoder-ogg-theora: a1e56fd34408186e4bbccfd4996cb3dc -> 
  custom:framework-win-MediaFoundation: 216162199b28c13a410421893ffa2e32 -> 
  custom:CustomObjectIndexerAttribute: 6d391050e5a25f67b0a2c618074f2cd9 -> 
  custom:container-demuxer-webm: 4f35f7cbe854078d1ac9338744f61a02 -> 
  custom:container-muxer-webm: aa71ff27fc2769a1b78a27578f13a17b -> 
  custom:video-decoder-webm-vp8: 9c59270c3fd7afecdb556c50c9e8de78 -> 
  custom:SearchIndexIgnoredProperties: e643bd26f0fe6173181afceb89e7c659 -> 
  custom:AudioImporter_EditorPlatform: d09bf68614088b80899f8185d706f6e7 -> 
  custom:video-encoder-webm-vp8: eb34c28f22e8b96e1ab97ce403110664 -> 
  custom:audio-decoder-ogg-vorbis: bf7c407c2cedff20999df2af8eb42d56 -> 
  custom:audio-encoder-webm-vorbis: bf7c407c2cedff20999df2af8eb42d56 -> 
========================================================================
Received Import Request.
  Time since last request: 359884.024724 seconds.
  path: Assets/Model/Box/Box.prefab
  artifactKey: Guid(d12f06e61abe0d649b61fa5d7a938615) Importer(815301076,1909f56bfc062723c751e8b465ee728b)
Start importing Assets/Model/Box/Box.prefab using Guid(d12f06e61abe0d649b61fa5d7a938615) Importer(815301076,1909f56bfc062723c751e8b465ee728b)  -> (artifact id: '4fad2ca48fdde25bdd6a20467c5511df') in 0.084660 seconds
Number of updated asset objects reloaded before import = 0
Number of asset objects unloaded after import = 26
========================================================================
Received Import Request.
  Time since last request: 0.000031 seconds.
  path: Assets/Model/Box/lifesaver.fbx
  artifactKey: Guid(a3bd7405f98ccc243b2d8e613fe1da0b) Importer(815301076,1909f56bfc062723c751e8b465ee728b)
Start importing Assets/Model/Box/lifesaver.fbx using Guid(a3bd7405f98ccc243b2d8e613fe1da0b) Importer(815301076,1909f56bfc062723c751e8b465ee728b)  -> (artifact id: 'aede36ebc0da86bcbbad9d3a58ec34d8') in 0.057272 seconds
Number of updated asset objects reloaded before import = 0
Number of asset objects unloaded after import = 16
========================================================================
Received Import Request.
  Time since last request: 9.614896 seconds.
  path: Assets/Model/CubicRubick/1- Default 1.mat
  artifactKey: Guid(e7cdf21b941350748a5786246e205795) Importer(815301076,1909f56bfc062723c751e8b465ee728b)
Start importing Assets/Model/CubicRubick/1- Default 1.mat using Guid(e7cdf21b941350748a5786246e205795) Importer(815301076,1909f56bfc062723c751e8b465ee728b)  -> (artifact id: '3e070106859780e0af801954f3306adb') in 0.019483 seconds
Number of updated asset objects reloaded before import = 0
Number of asset objects unloaded after import = 1
========================================================================
Received Import Request.
  Time since last request: 0.000120 seconds.
  path: Assets/Model/CubicRubick/08 - Default.mat
  artifactKey: Guid(f397e754cbeae4349a9ed09de36f2910) Importer(815301076,1909f56bfc062723c751e8b465ee728b)
Start importing Assets/Model/CubicRubick/08 - Default.mat using Guid(f397e754cbeae4349a9ed09de36f2910) Importer(815301076,1909f56bfc062723c751e8b465ee728b)  -> (artifact id: '647d1cc6366c44c7a1a1683e9c837ef9') in 0.018799 seconds
Number of updated asset objects reloaded before import = 0
Number of asset objects unloaded after import = 1
========================================================================
Received Import Request.
  Time since last request: 0.000014 seconds.
  path: Assets/Model/CubicRubick/03 - Default.mat
  artifactKey: Guid(6ea79a04aae150f4f9303b4542dcf953) Importer(815301076,1909f56bfc062723c751e8b465ee728b)
Start importing Assets/Model/CubicRubick/03 - Default.mat using Guid(6ea79a04aae150f4f9303b4542dcf953) Importer(815301076,1909f56bfc062723c751e8b465ee728b)  -> (artifact id: 'd3f344a9b518ac723a4b8568e501f18b') in 0.035778 seconds
Number of updated asset objects reloaded before import = 0
Number of asset objects unloaded after import = 1
========================================================================
Received Import Request.
  Time since last request: 0.000014 seconds.
  path: Assets/Model/CubicRubick/13 - Default.mat
  artifactKey: Guid(4c8b148c9b181e64584c6ed9d1fbe8c1) Importer(815301076,1909f56bfc062723c751e8b465ee728b)
Start importing Assets/Model/CubicRubick/13 - Default.mat using Guid(4c8b148c9b181e64584c6ed9d1fbe8c1) Importer(815301076,1909f56bfc062723c751e8b465ee728b)  -> (artifact id: '5b45851b0d17b82c9b7ffc5aecb2f3d2') in 0.020152 seconds
Number of updated asset objects reloaded before import = 0
Number of asset objects unloaded after import = 1
========================================================================
Received Import Request.
  Time since last request: 0.000019 seconds.
  path: Assets/Model/CubicRubick/Rubik's Cube.FBX
  artifactKey: Guid(0b6a7e262a18fa54d841689c08c641c8) Importer(815301076,1909f56bfc062723c751e8b465ee728b)
Start importing Assets/Model/CubicRubick/Rubik's Cube.FBX using Guid(0b6a7e262a18fa54d841689c08c641c8) Importer(815301076,1909f56bfc062723c751e8b465ee728b)  -> (artifact id: 'fa9cf37fb7d8716cd6f545bb6083d4ae') in 0.061238 seconds
Number of updated asset objects reloaded before import = 0
Number of asset objects unloaded after import = 23
========================================================================
Received Import Request.
  Time since last request: 0.000026 seconds.
  path: Assets/Model/CubicRubick/02 - Default.mat
  artifactKey: Guid(75d799adf89f4ce41981a949d36864fa) Importer(815301076,1909f56bfc062723c751e8b465ee728b)
Start importing Assets/Model/CubicRubick/02 - Default.mat using Guid(75d799adf89f4ce41981a949d36864fa) Importer(815301076,1909f56bfc062723c751e8b465ee728b)  -> (artifact id: 'daa3127cf6ad643e37a8591df8d6d2bc') in 0.018578 seconds
Number of updated asset objects reloaded before import = 0
Number of asset objects unloaded after import = 1
========================================================================
Received Import Request.
  Time since last request: 0.000014 seconds.
  path: Assets/Model/CubicRubick/07 - Default.mat
  artifactKey: Guid(87ee060fe6388294fb2d8c5da5d60dbb) Importer(815301076,1909f56bfc062723c751e8b465ee728b)
Start importing Assets/Model/CubicRubick/07 - Default.mat using Guid(87ee060fe6388294fb2d8c5da5d60dbb) Importer(815301076,1909f56bfc062723c751e8b465ee728b)  -> (artifact id: 'fb0872e70bc3b52af1ced1c047be5563') in 0.020465 seconds
Number of updated asset objects reloaded before import = 0
Number of asset objects unloaded after import = 1
========================================================================
Received Import Request.
  Time since last request: 0.000014 seconds.
  path: Assets/Model/CubicRubick/09 - Default.mat
  artifactKey: Guid(ffd7df80b698f5b4e8782357f6a5cf70) Importer(815301076,1909f56bfc062723c751e8b465ee728b)
Start importing Assets/Model/CubicRubick/09 - Default.mat using Guid(ffd7df80b698f5b4e8782357f6a5cf70) Importer(815301076,1909f56bfc062723c751e8b465ee728b)  -> (artifact id: '3808912c2cccf7a592dccc775597d1c0') in 0.026760 seconds
Number of updated asset objects reloaded before import = 0
Number of asset objects unloaded after import = 1
========================================================================
Received Import Request.
  Time since last request: 0.000016 seconds.
  path: Assets/Model/CubicRubick/14 - Default.mat
  artifactKey: Guid(0ba1031a889c76e4e931d652a6d7d16f) Importer(815301076,1909f56bfc062723c751e8b465ee728b)
Start importing Assets/Model/CubicRubick/14 - Default.mat using Guid(0ba1031a889c76e4e931d652a6d7d16f) Importer(815301076,1909f56bfc062723c751e8b465ee728b)  -> (artifact id: 'f507d6ed61ac8734cb66e6b023827209') in 0.011696 seconds
Number of updated asset objects reloaded before import = 0
Number of asset objects unloaded after import = 1
========================================================================
Received Import Request.
  Time since last request: 34.153972 seconds.
  path: Assets/Model/TNT/TNT.prefab
  artifactKey: Guid(e6df42a01cc08444bb99eeb3dc4b44d3) Importer(815301076,1909f56bfc062723c751e8b465ee728b)
Start importing Assets/Model/TNT/TNT.prefab using Guid(e6df42a01cc08444bb99eeb3dc4b44d3) Importer(815301076,1909f56bfc062723c751e8b465ee728b)  -> (artifact id: 'bdeb4b9ae47dcd2dfd4d1f4c7479c3a4') in 0.038640 seconds
Number of updated asset objects reloaded before import = 0
Number of asset objects unloaded after import = 22
========================================================================
Received Import Request.
  Time since last request: 85.896858 seconds.
  path: Assets/Model/conveyor/Conveyor.fbx
  artifactKey: Guid(97f6395bc0d00364a83f1a506fd581e1) Importer(815301076,1909f56bfc062723c751e8b465ee728b)
Start importing Assets/Model/conveyor/Conveyor.fbx using Guid(97f6395bc0d00364a83f1a506fd581e1) Importer(815301076,1909f56bfc062723c751e8b465ee728b)  -> (artifact id: 'b9aaac0eadac258de61464f83198de89') in 0.045521 seconds
Number of updated asset objects reloaded before import = 0
Number of asset objects unloaded after import = 9
========================================================================
Received Import Request.
  Time since last request: 0.000020 seconds.
  path: Assets/Model/conveyor/Conveyor.prefab
  artifactKey: Guid(a1ef086c4dfd9a443803cf0087ce5b72) Importer(815301076,1909f56bfc062723c751e8b465ee728b)
Start importing Assets/Model/conveyor/Conveyor.prefab using Guid(a1ef086c4dfd9a443803cf0087ce5b72) Importer(815301076,1909f56bfc062723c751e8b465ee728b)  -> (artifact id: '0629099c2a91b5b4f05c7bc68b51e1f0') in 0.020425 seconds
Number of updated asset objects reloaded before import = 0
Number of asset objects unloaded after import = 17
